<?xml version="1.0" encoding="UTF-8"?>
<!-- Generated by org.testng.reporters.JUnitReportReporter -->
<testsuite hostname="DESKTOP-5EQ2V4T" name="com.testcase.Framehandling" tests="1" failures="0" timestamp="9 Jun 2020 18:31:31 GMT" time="0.000" errors="1">
  <testcase name="login" time="0.000" classname="com.testcase.Framehandling">
    <error type="org.openqa.selenium.SessionNotCreatedException" message="session not created
from chrome not reachable
  (Session info: chrome=83.0.4103.97)
Build info: version: &#039;unknown&#039;, revision: &#039;unknown&#039;, time: &#039;unknown&#039;
System info: host: &#039;DESKTOP-5EQ2V4T&#039;, ip: &#039;192.168.86.36&#039;, os.name: &#039;Windows 10&#039;, os.arch: &#039;amd64&#039;, os.version: &#039;10.0&#039;, java.version: &#039;1.8.0_251&#039;
Driver info: driver.version: ChromeDriver
remote stacktrace: Backtrace:
	Ordinal0 [0x00AA9563+2725219]
	Ordinal0 [0x009A8551+1672529]
	Ordinal0 [0x00890202+524802]
	Ordinal0 [0x008899B2+498098]
	Ordinal0 [0x0088A09B+499867]
	Ordinal0 [0x0088AFF5+503797]
	Ordinal0 [0x00886994+485780]
	Ordinal0 [0x00890FF0+528368]
	Ordinal0 [0x0083D6C9+186057]
	Ordinal0 [0x0083CA3D+182845]
	Ordinal0 [0x0083A94B+174411]
	Ordinal0 [0x00822528+75048]
	Ordinal0 [0x008235A0+79264]
	Ordinal0 [0x00823539+79161]
	Ordinal0 [0x009BD607+1758727]
	GetHandleVerifier [0x00BC6546+1050150]
	GetHandleVerifier [0x00BC6291+1049457]
	GetHandleVerifier [0x00BD10D7+1094071]
	GetHandleVerifier [0x00BC6B46+1051686]
	Ordinal0 [0x009B5B06+1727238]
	Ordinal0 [0x009BEB7B+1764219]
	Ordinal0 [0x009BECE3+1764579]
	Ordinal0 [0x009D4C05+1854469]
	BaseThreadInitThunk [0x760C6359+25]
	RtlGetAppContainerNamedObjectPath [0x775C7C24+228]
	RtlGetAppContainerNamedObjectPath [0x775C7BF4+180]
">
      <![CDATA[org.openqa.selenium.SessionNotCreatedException: session not created
from chrome not reachable
  (Session info: chrome=83.0.4103.97)
Build info: version: 'unknown', revision: 'unknown', time: 'unknown'
System info: host: 'DESKTOP-5EQ2V4T', ip: '192.168.86.36', os.name: 'Windows 10', os.arch: 'amd64', os.version: '10.0', java.version: '1.8.0_251'
Driver info: driver.version: ChromeDriver
remote stacktrace: Backtrace:
	Ordinal0 [0x00AA9563+2725219]
	Ordinal0 [0x009A8551+1672529]
	Ordinal0 [0x00890202+524802]
	Ordinal0 [0x008899B2+498098]
	Ordinal0 [0x0088A09B+499867]
	Ordinal0 [0x0088AFF5+503797]
	Ordinal0 [0x00886994+485780]
	Ordinal0 [0x00890FF0+528368]
	Ordinal0 [0x0083D6C9+186057]
	Ordinal0 [0x0083CA3D+182845]
	Ordinal0 [0x0083A94B+174411]
	Ordinal0 [0x00822528+75048]
	Ordinal0 [0x008235A0+79264]
	Ordinal0 [0x00823539+79161]
	Ordinal0 [0x009BD607+1758727]
	GetHandleVerifier [0x00BC6546+1050150]
	GetHandleVerifier [0x00BC6291+1049457]
	GetHandleVerifier [0x00BD10D7+1094071]
	GetHandleVerifier [0x00BC6B46+1051686]
	Ordinal0 [0x009B5B06+1727238]
	Ordinal0 [0x009BEB7B+1764219]
	Ordinal0 [0x009BECE3+1764579]
	Ordinal0 [0x009D4C05+1854469]
	BaseThreadInitThunk [0x760C6359+25]
	RtlGetAppContainerNamedObjectPath [0x775C7C24+228]
	RtlGetAppContainerNamedObjectPath [0x775C7BF4+180]

	at sun.reflect.NativeConstructorAccessorImpl.newInstance0(Native Method)
	at sun.reflect.NativeConstructorAccessorImpl.newInstance(Unknown Source)
	at sun.reflect.DelegatingConstructorAccessorImpl.newInstance(Unknown Source)
	at java.lang.reflect.Constructor.newInstance(Unknown Source)
	at org.openqa.selenium.remote.W3CHandshakeResponse.lambda$errorHandler$0(W3CHandshakeResponse.java:62)
	at org.openqa.selenium.remote.HandshakeResponse.lambda$getResponseFunction$0(HandshakeResponse.java:30)
	at org.openqa.selenium.remote.ProtocolHandshake.lambda$createSession$0(ProtocolHandshake.java:126)
	at java.util.stream.ReferencePipeline$3$1.accept(Unknown Source)
	at java.util.Spliterators$ArraySpliterator.tryAdvance(Unknown Source)
	at java.util.stream.ReferencePipeline.forEachWithCancel(Unknown Source)
	at java.util.stream.AbstractPipeline.copyIntoWithCancel(Unknown Source)
	at java.util.stream.AbstractPipeline.copyInto(Unknown Source)
	at java.util.stream.AbstractPipeline.wrapAndCopyInto(Unknown Source)
	at java.util.stream.FindOps$FindOp.evaluateSequential(Unknown Source)
	at java.util.stream.AbstractPipeline.evaluate(Unknown Source)
	at java.util.stream.ReferencePipeline.findFirst(Unknown Source)
	at org.openqa.selenium.remote.ProtocolHandshake.createSession(ProtocolHandshake.java:128)
	at org.openqa.selenium.remote.ProtocolHandshake.createSession(ProtocolHandshake.java:74)
	at org.openqa.selenium.remote.HttpCommandExecutor.execute(HttpCommandExecutor.java:136)
	at org.openqa.selenium.remote.service.DriverCommandExecutor.execute(DriverCommandExecutor.java:83)
	at org.openqa.selenium.remote.RemoteWebDriver.execute(RemoteWebDriver.java:552)
	at org.openqa.selenium.remote.RemoteWebDriver.startSession(RemoteWebDriver.java:213)
	at org.openqa.selenium.remote.RemoteWebDriver.<init>(RemoteWebDriver.java:131)
	at org.openqa.selenium.chrome.ChromeDriver.<init>(ChromeDriver.java:181)
	at org.openqa.selenium.chrome.ChromeDriver.<init>(ChromeDriver.java:168)
	at org.openqa.selenium.chrome.ChromeDriver.<init>(ChromeDriver.java:123)
	at com.testcase.WrapperMethod.insertapp(WrapperMethod.java:21)
	at com.TestNG.CallwrapperTestNG.insertapp(CallwrapperTestNG.java:17)
	at sun.reflect.NativeMethodAccessorImpl.invoke0(Native Method)
	at sun.reflect.NativeMethodAccessorImpl.invoke(Unknown Source)
	at sun.reflect.DelegatingMethodAccessorImpl.invoke(Unknown Source)
	at java.lang.reflect.Method.invoke(Unknown Source)
	at org.testng.internal.MethodInvocationHelper.invokeMethod(MethodInvocationHelper.java:86)
	at org.testng.internal.Invoker.invokeConfigurationMethod(Invoker.java:515)
	at org.testng.internal.Invoker.invokeConfigurations(Invoker.java:216)
	at org.testng.internal.Invoker.invokeConfigurations(Invoker.java:143)
	at org.testng.TestRunner.beforeRun(TestRunner.java:656)
	at org.testng.TestRunner.run(TestRunner.java:624)
	at org.testng.SuiteRunner.runTest(SuiteRunner.java:366)
	at org.testng.SuiteRunner.runSequentially(SuiteRunner.java:361)
	at org.testng.SuiteRunner.privateRun(SuiteRunner.java:319)
	at org.testng.SuiteRunner.run(SuiteRunner.java:268)
	at org.testng.SuiteRunnerWorker.runSuite(SuiteRunnerWorker.java:52)
	at org.testng.SuiteRunnerWorker.run(SuiteRunnerWorker.java:86)
	at org.testng.TestNG.runSuitesSequentially(TestNG.java:1225)
	at org.testng.TestNG.runSuitesLocally(TestNG.java:1150)
	at org.testng.TestNG.runSuites(TestNG.java:1075)
	at org.testng.TestNG.run(TestNG.java:1047)
	at org.testng.remote.AbstractRemoteTestNG.run(AbstractRemoteTestNG.java:126)
	at org.testng.remote.RemoteTestNG.initAndRun(RemoteTestNG.java:137)
	at org.testng.remote.RemoteTestNG.main(RemoteTestNG.java:58)
]]>
    </error>
  </testcase> <!-- login -->
</testsuite> <!-- com.testcase.Framehandling -->
