<!DOCTYPE html PUBLIC "-//W3C//DTD XHTML 1.1//EN" "http://www.w3.org/TR/xhtml11/DTD/xhtml11.dtd">
<html xmlns="http://www.w3.org/1999/xhtml"><head><title>TestNG Report</title><style type="text/css">table {margin-bottom:10px;border-collapse:collapse;empty-cells:show}th,td {border:1px solid #009;padding:.25em .5em}th {vertical-align:bottom}td {vertical-align:top}table a {font-weight:bold}.stripe td {background-color: #E6EBF9}.num {text-align:right}.passedodd td {background-color: #3F3}.passedeven td {background-color: #0A0}.skippedodd td {background-color: #DDD}.skippedeven td {background-color: #CCC}.failedodd td,.attn {background-color: #F33}.failedeven td,.stripe .attn {background-color: #D00}.stacktrace {white-space:pre;font-family:monospace}.totop {font-size:85%;text-align:center;border-bottom:2px solid #000}</style></head><body><table><tr><th>Test</th><th># Passed</th><th># Skipped</th><th># Failed</th><th>Time (ms)</th><th>Included Groups</th><th>Excluded Groups</th></tr><tr><th colspan="7">Default suite</th></tr><tr><td><a href="#t0">Default test</a></td><td class="num">24</td><td class="num">0</td><td class="num attn">3</td><td class="num">72,192</td><td></td><td></td></tr></table><table><thead><tr><th>Class</th><th>Method</th><th>Start</th><th>Time (ms)</th></tr></thead><tbody><tr><th colspan="4">Default suite</th></tr></tbody><tbody id="t0"><tr><th colspan="4">Default test &#8212; failed</th></tr><tr class="failedeven"><td rowspan="1">com.TestNG.DependsuponMethods</td><td><a href="#m0">search</a></td><td rowspan="1">1591719874337</td><td rowspan="1">5</td></tr><tr class="failedodd"><td rowspan="1">com.testcase.AlertHandling</td><td><a href="#m1">login</a></td><td rowspan="1">1591719830468</td><td rowspan="1">13273</td></tr><tr class="failedeven"><td rowspan="1">com.testcase.DatePicker</td><td><a href="#m2">login</a></td><td rowspan="1">1591719869709</td><td rowspan="1">4615</td></tr><tr><th colspan="4">Default test &#8212; passed</th></tr><tr class="passedeven"><td rowspan="2">com.TestNG.CallwrapperTestNG</td><td><a href="#m3">admin</a></td><td rowspan="1">1591719863212</td><td rowspan="1">6491</td></tr><tr class="passedeven"><td><a href="#m4">login</a></td><td rowspan="1">1591719860753</td><td rowspan="1">2455</td></tr><tr class="passedodd"><td rowspan="3">com.TestNG.DependsOnGroups</td><td><a href="#m5">login</a></td><td rowspan="1">1591719824303</td><td rowspan="1">5</td></tr><tr class="passedodd"><td><a href="#m6">logout</a></td><td rowspan="1">1591719824311</td><td rowspan="1">1</td></tr><tr class="passedodd"><td><a href="#m7">search</a></td><td rowspan="1">1591719824314</td><td rowspan="1">5</td></tr><tr class="passedeven"><td rowspan="2">com.TestNG.DependsuponMethods</td><td><a href="#m8">login</a></td><td rowspan="1">1591719874330</td><td rowspan="1">2</td></tr><tr class="passedeven"><td><a href="#m9">logout</a></td><td rowspan="1">1591719874349</td><td rowspan="1">2</td></tr><tr class="passedodd"><td rowspan="3">com.TestNG.ParallelExecution</td><td><a href="#m10">testcase1</a></td><td rowspan="1">1591719843746</td><td rowspan="1">1</td></tr><tr class="passedodd"><td><a href="#m11">testcase2</a></td><td rowspan="1">1591719843748</td><td rowspan="1">1</td></tr><tr class="passedodd"><td><a href="#m12">testcase3</a></td><td rowspan="1">1591719843750</td><td rowspan="1">2</td></tr><tr class="passedeven"><td rowspan="3">com.TestNG.ParallelExecution1</td><td><a href="#m13">testcase4</a></td><td rowspan="1">1591719818154</td><td rowspan="1">2</td></tr><tr class="passedeven"><td><a href="#m14">testcase5</a></td><td rowspan="1">1591719818158</td><td rowspan="1">2</td></tr><tr class="passedeven"><td><a href="#m15">testcase6</a></td><td rowspan="1">1591719818162</td><td rowspan="1">1</td></tr><tr class="passedodd"><td rowspan="3">com.TestNG.TestCase1</td><td><a href="#m16">TestCast2</a></td><td rowspan="1">1591719860740</td><td rowspan="1">2</td></tr><tr class="passedodd"><td><a href="#m17">TestCast3</a></td><td rowspan="1">1591719860744</td><td rowspan="1">1</td></tr><tr class="passedodd"><td><a href="#m18">TestCast4</a></td><td rowspan="1">1591719860747</td><td rowspan="1">1</td></tr><tr class="passedeven"><td rowspan="3">com.TestNG.prioritytestcase</td><td><a href="#m19">testcase1</a></td><td rowspan="1">1591719863210</td><td rowspan="1">1</td></tr><tr class="passedeven"><td><a href="#m20">testcase2</a></td><td rowspan="1">1591719869704</td><td rowspan="1">2</td></tr><tr class="passedeven"><td><a href="#m21">testcase3</a></td><td rowspan="1">1591719860750</td><td rowspan="1">2</td></tr><tr class="passedodd"><td rowspan="1">com.TestNG.testngexample</td><td><a href="#m22">Login</a></td><td rowspan="1">1591719828780</td><td rowspan="1">1685</td></tr><tr class="passedeven"><td rowspan="1">com.testcase.Framehandling</td><td><a href="#m23">login</a></td><td rowspan="1">1591719818165</td><td rowspan="1">6133</td></tr><tr class="passedodd"><td rowspan="1">com.testcase.Keyboardhandling</td><td><a href="#m24">login</a></td><td rowspan="1">1591719843753</td><td rowspan="1">6518</td></tr><tr class="passedeven"><td rowspan="1">com.testcase.ScrollDown</td><td><a href="#m25">login</a></td><td rowspan="1">1591719850273</td><td rowspan="1">10465</td></tr><tr class="passedodd"><td rowspan="1">com.testcase.mousehandling</td><td><a href="#m26">login</a></td><td rowspan="1">1591719810692</td><td rowspan="1">7460</td></tr></tbody></table><h2>Default test</h2><h3 id="m0">com.TestNG.DependsuponMethods#search</h3><table class="result"><tr><th>Exception</th></tr><tr><td><div class="stacktrace">java.lang.AssertionError: expected [abc] but found [xyz]
	at org.testng.Assert.fail(Assert.java:94)
	at org.testng.Assert.failNotEquals(Assert.java:513)
	at org.testng.Assert.assertEqualsImpl(Assert.java:135)
	at org.testng.Assert.assertEquals(Assert.java:116)
	at org.testng.Assert.assertEquals(Assert.java:190)
	at org.testng.Assert.assertEquals(Assert.java:200)
	at com.TestNG.DependsuponMethods.search(DependsuponMethods.java:16)
	at sun.reflect.NativeMethodAccessorImpl.invoke0(Native Method)
	at sun.reflect.NativeMethodAccessorImpl.invoke(Unknown Source)
	at sun.reflect.DelegatingMethodAccessorImpl.invoke(Unknown Source)
	at java.lang.reflect.Method.invoke(Unknown Source)
	at org.testng.internal.MethodInvocationHelper.invokeMethod(MethodInvocationHelper.java:86)
	at org.testng.internal.Invoker.invokeMethod(Invoker.java:646)
	at org.testng.internal.Invoker.invokeTestMethod(Invoker.java:823)
	at org.testng.internal.Invoker.invokeTestMethods(Invoker.java:1131)
	at org.testng.internal.TestMethodWorker.invokeTestMethods(TestMethodWorker.java:129)
	at org.testng.internal.TestMethodWorker.run(TestMethodWorker.java:112)
	at org.testng.TestRunner.privateRun(TestRunner.java:778)
	at org.testng.TestRunner.run(TestRunner.java:632)
	at org.testng.SuiteRunner.runTest(SuiteRunner.java:366)
	at org.testng.SuiteRunner.runSequentially(SuiteRunner.java:361)
	at org.testng.SuiteRunner.privateRun(SuiteRunner.java:319)
	at org.testng.SuiteRunner.run(SuiteRunner.java:268)
	at org.testng.SuiteRunnerWorker.runSuite(SuiteRunnerWorker.java:52)
	at org.testng.SuiteRunnerWorker.run(SuiteRunnerWorker.java:86)
	at org.testng.TestNG.runSuitesSequentially(TestNG.java:1225)
	at org.testng.TestNG.runSuitesLocally(TestNG.java:1150)
	at org.testng.TestNG.runSuites(TestNG.java:1075)
	at org.testng.TestNG.run(TestNG.java:1047)
	at org.testng.remote.AbstractRemoteTestNG.run(AbstractRemoteTestNG.java:126)
	at org.testng.remote.RemoteTestNG.initAndRun(RemoteTestNG.java:137)
	at org.testng.remote.RemoteTestNG.main(RemoteTestNG.java:58)
</div></td></tr></table><p class="totop"><a href="#summary">back to summary</a></p><h3 id="m1">com.testcase.AlertHandling#login</h3><table class="result"><tr><th>Exception</th></tr><tr><td><div class="stacktrace">org.openqa.selenium.SessionNotCreatedException: session not created
from chrome not reachable
  (Session info: chrome=83.0.4103.61)
Build info: version: &apos;unknown&apos;, revision: &apos;unknown&apos;, time: &apos;unknown&apos;
System info: host: &apos;DESKTOP-5EQ2V4T&apos;, ip: &apos;192.168.86.36&apos;, os.name: &apos;Windows 10&apos;, os.arch: &apos;amd64&apos;, os.version: &apos;10.0&apos;, java.version: &apos;1.8.0_251&apos;
Driver info: driver.version: ChromeDriver
remote stacktrace: Backtrace:
	Ordinal0 [0x00AA9563+2725219]
	Ordinal0 [0x009A8551+1672529]
	Ordinal0 [0x00890202+524802]
	Ordinal0 [0x008899B2+498098]
	Ordinal0 [0x0088A09B+499867]
	Ordinal0 [0x0088AFF5+503797]
	Ordinal0 [0x00886994+485780]
	Ordinal0 [0x00890FF0+528368]
	Ordinal0 [0x0083D6C9+186057]
	Ordinal0 [0x0083CA3D+182845]
	Ordinal0 [0x0083A94B+174411]
	Ordinal0 [0x00822528+75048]
	Ordinal0 [0x008235A0+79264]
	Ordinal0 [0x00823539+79161]
	Ordinal0 [0x009BD607+1758727]
	GetHandleVerifier [0x00BC6546+1050150]
	GetHandleVerifier [0x00BC6291+1049457]
	GetHandleVerifier [0x00BD10D7+1094071]
	GetHandleVerifier [0x00BC6B46+1051686]
	Ordinal0 [0x009B5B06+1727238]
	Ordinal0 [0x009BEB7B+1764219]
	Ordinal0 [0x009BECE3+1764579]
	Ordinal0 [0x009D4C05+1854469]
	BaseThreadInitThunk [0x760C6359+25]
	RtlGetAppContainerNamedObjectPath [0x775C7C24+228]
	RtlGetAppContainerNamedObjectPath [0x775C7BF4+180]

	at sun.reflect.NativeConstructorAccessorImpl.newInstance0(Native Method)
	at sun.reflect.NativeConstructorAccessorImpl.newInstance(Unknown Source)
	at sun.reflect.DelegatingConstructorAccessorImpl.newInstance(Unknown Source)
	at java.lang.reflect.Constructor.newInstance(Unknown Source)
	at org.openqa.selenium.remote.W3CHandshakeResponse.lambda$errorHandler$0(W3CHandshakeResponse.java:62)
	at org.openqa.selenium.remote.HandshakeResponse.lambda$getResponseFunction$0(HandshakeResponse.java:30)
	at org.openqa.selenium.remote.ProtocolHandshake.lambda$createSession$0(ProtocolHandshake.java:126)
	at java.util.stream.ReferencePipeline$3$1.accept(Unknown Source)
	at java.util.Spliterators$ArraySpliterator.tryAdvance(Unknown Source)
	at java.util.stream.ReferencePipeline.forEachWithCancel(Unknown Source)
	at java.util.stream.AbstractPipeline.copyIntoWithCancel(Unknown Source)
	at java.util.stream.AbstractPipeline.copyInto(Unknown Source)
	at java.util.stream.AbstractPipeline.wrapAndCopyInto(Unknown Source)
	at java.util.stream.FindOps$FindOp.evaluateSequential(Unknown Source)
	at java.util.stream.AbstractPipeline.evaluate(Unknown Source)
	at java.util.stream.ReferencePipeline.findFirst(Unknown Source)
	at org.openqa.selenium.remote.ProtocolHandshake.createSession(ProtocolHandshake.java:128)
	at org.openqa.selenium.remote.ProtocolHandshake.createSession(ProtocolHandshake.java:74)
	at org.openqa.selenium.remote.HttpCommandExecutor.execute(HttpCommandExecutor.java:136)
	at org.openqa.selenium.remote.service.DriverCommandExecutor.execute(DriverCommandExecutor.java:83)
	at org.openqa.selenium.remote.RemoteWebDriver.execute(RemoteWebDriver.java:552)
	at org.openqa.selenium.remote.RemoteWebDriver.startSession(RemoteWebDriver.java:213)
	at org.openqa.selenium.remote.RemoteWebDriver.&lt;init&gt;(RemoteWebDriver.java:131)
	at org.openqa.selenium.chrome.ChromeDriver.&lt;init&gt;(ChromeDriver.java:181)
	at org.openqa.selenium.chrome.ChromeDriver.&lt;init&gt;(ChromeDriver.java:168)
	at org.openqa.selenium.chrome.ChromeDriver.&lt;init&gt;(ChromeDriver.java:123)
	at com.testcase.AlertHandling.login(AlertHandling.java:15)
	at sun.reflect.NativeMethodAccessorImpl.invoke0(Native Method)
	at sun.reflect.NativeMethodAccessorImpl.invoke(Unknown Source)
	at sun.reflect.DelegatingMethodAccessorImpl.invoke(Unknown Source)
	at java.lang.reflect.Method.invoke(Unknown Source)
	at org.testng.internal.MethodInvocationHelper.invokeMethod(MethodInvocationHelper.java:86)
	at org.testng.internal.Invoker.invokeMethod(Invoker.java:646)
	at org.testng.internal.Invoker.invokeTestMethod(Invoker.java:823)
	at org.testng.internal.Invoker.invokeTestMethods(Invoker.java:1131)
	at org.testng.internal.TestMethodWorker.invokeTestMethods(TestMethodWorker.java:129)
	at org.testng.internal.TestMethodWorker.run(TestMethodWorker.java:112)
	at org.testng.TestRunner.privateRun(TestRunner.java:778)
	at org.testng.TestRunner.run(TestRunner.java:632)
	at org.testng.SuiteRunner.runTest(SuiteRunner.java:366)
	at org.testng.SuiteRunner.runSequentially(SuiteRunner.java:361)
	at org.testng.SuiteRunner.privateRun(SuiteRunner.java:319)
	at org.testng.SuiteRunner.run(SuiteRunner.java:268)
	at org.testng.SuiteRunnerWorker.runSuite(SuiteRunnerWorker.java:52)
	at org.testng.SuiteRunnerWorker.run(SuiteRunnerWorker.java:86)
	at org.testng.TestNG.runSuitesSequentially(TestNG.java:1225)
	at org.testng.TestNG.runSuitesLocally(TestNG.java:1150)
	at org.testng.TestNG.runSuites(TestNG.java:1075)
	at org.testng.TestNG.run(TestNG.java:1047)
	at org.testng.remote.AbstractRemoteTestNG.run(AbstractRemoteTestNG.java:126)
	at org.testng.remote.RemoteTestNG.initAndRun(RemoteTestNG.java:137)
	at org.testng.remote.RemoteTestNG.main(RemoteTestNG.java:58)
</div></td></tr></table><p class="totop"><a href="#summary">back to summary</a></p><h3 id="m2">com.testcase.DatePicker#login</h3><table class="result"><tr><th>Exception</th></tr><tr><td><div class="stacktrace">org.openqa.selenium.NoSuchWindowException: no such window: target window already closed
from unknown error: web view not found
  (Session info: chrome=83.0.4103.61)
Build info: version: &apos;unknown&apos;, revision: &apos;unknown&apos;, time: &apos;unknown&apos;
System info: host: &apos;DESKTOP-5EQ2V4T&apos;, ip: &apos;192.168.86.36&apos;, os.name: &apos;Windows 10&apos;, os.arch: &apos;amd64&apos;, os.version: &apos;10.0&apos;, java.version: &apos;1.8.0_251&apos;
Driver info: org.openqa.selenium.chrome.ChromeDriver
Capabilities {acceptInsecureCerts: false, browserName: chrome, browserVersion: 83.0.4103.61, chrome: {chromedriverVersion: 83.0.4103.39 (ccbf011cb2d2b..., userDataDir: C:\Users\rwalt\AppData\Loca...}, goog:chromeOptions: {debuggerAddress: localhost:51549}, javascriptEnabled: true, networkConnectionEnabled: false, pageLoadStrategy: normal, platform: WINDOWS, platformName: WINDOWS, proxy: Proxy(), setWindowRect: true, strictFileInteractability: false, timeouts: {implicit: 0, pageLoad: 300000, script: 30000}, unhandledPromptBehavior: dismiss and notify, webauthn:virtualAuthenticators: true}
Session ID: dd36c25c300b29bfc89310f4b0cd949a
*** Element info: {Using=xpath, value=//*[@id=&quot;search&quot;]/div/div[3]/div/label}
	at sun.reflect.NativeConstructorAccessorImpl.newInstance0(Native Method)
	at sun.reflect.NativeConstructorAccessorImpl.newInstance(Unknown Source)
	at sun.reflect.DelegatingConstructorAccessorImpl.newInstance(Unknown Source)
	at java.lang.reflect.Constructor.newInstance(Unknown Source)
	at org.openqa.selenium.remote.http.W3CHttpResponseCodec.createException(W3CHttpResponseCodec.java:187)
	at org.openqa.selenium.remote.http.W3CHttpResponseCodec.decode(W3CHttpResponseCodec.java:122)
	at org.openqa.selenium.remote.http.W3CHttpResponseCodec.decode(W3CHttpResponseCodec.java:49)
	at org.openqa.selenium.remote.HttpCommandExecutor.execute(HttpCommandExecutor.java:158)
	at org.openqa.selenium.remote.service.DriverCommandExecutor.execute(DriverCommandExecutor.java:83)
	at org.openqa.selenium.remote.RemoteWebDriver.execute(RemoteWebDriver.java:552)
	at org.openqa.selenium.remote.RemoteWebDriver.findElement(RemoteWebDriver.java:323)
	at org.openqa.selenium.remote.RemoteWebDriver.findElementByXPath(RemoteWebDriver.java:428)
	at org.openqa.selenium.By$ByXPath.findElement(By.java:353)
	at org.openqa.selenium.remote.RemoteWebDriver.findElement(RemoteWebDriver.java:315)
	at com.testcase.DatePicker.login(DatePicker.java:17)
	at sun.reflect.NativeMethodAccessorImpl.invoke0(Native Method)
	at sun.reflect.NativeMethodAccessorImpl.invoke(Unknown Source)
	at sun.reflect.DelegatingMethodAccessorImpl.invoke(Unknown Source)
	at java.lang.reflect.Method.invoke(Unknown Source)
	at org.testng.internal.MethodInvocationHelper.invokeMethod(MethodInvocationHelper.java:86)
	at org.testng.internal.Invoker.invokeMethod(Invoker.java:646)
	at org.testng.internal.Invoker.invokeTestMethod(Invoker.java:823)
	at org.testng.internal.Invoker.invokeTestMethods(Invoker.java:1131)
	at org.testng.internal.TestMethodWorker.invokeTestMethods(TestMethodWorker.java:129)
	at org.testng.internal.TestMethodWorker.run(TestMethodWorker.java:112)
	at org.testng.TestRunner.privateRun(TestRunner.java:778)
	at org.testng.TestRunner.run(TestRunner.java:632)
	at org.testng.SuiteRunner.runTest(SuiteRunner.java:366)
	at org.testng.SuiteRunner.runSequentially(SuiteRunner.java:361)
	at org.testng.SuiteRunner.privateRun(SuiteRunner.java:319)
	at org.testng.SuiteRunner.run(SuiteRunner.java:268)
	at org.testng.SuiteRunnerWorker.runSuite(SuiteRunnerWorker.java:52)
	at org.testng.SuiteRunnerWorker.run(SuiteRunnerWorker.java:86)
	at org.testng.TestNG.runSuitesSequentially(TestNG.java:1225)
	at org.testng.TestNG.runSuitesLocally(TestNG.java:1150)
	at org.testng.TestNG.runSuites(TestNG.java:1075)
	at org.testng.TestNG.run(TestNG.java:1047)
	at org.testng.remote.AbstractRemoteTestNG.run(AbstractRemoteTestNG.java:126)
	at org.testng.remote.RemoteTestNG.initAndRun(RemoteTestNG.java:137)
	at org.testng.remote.RemoteTestNG.main(RemoteTestNG.java:58)
</div></td></tr></table><p class="totop"><a href="#summary">back to summary</a></p><h3 id="m3">com.TestNG.CallwrapperTestNG#admin</h3><table class="result"></table><p class="totop"><a href="#summary">back to summary</a></p><h3 id="m4">com.TestNG.CallwrapperTestNG#login</h3><table class="result"></table><p class="totop"><a href="#summary">back to summary</a></p><h3 id="m5">com.TestNG.DependsOnGroups#login</h3><table class="result"></table><p class="totop"><a href="#summary">back to summary</a></p><h3 id="m6">com.TestNG.DependsOnGroups#logout</h3><table class="result"></table><p class="totop"><a href="#summary">back to summary</a></p><h3 id="m7">com.TestNG.DependsOnGroups#search</h3><table class="result"></table><p class="totop"><a href="#summary">back to summary</a></p><h3 id="m8">com.TestNG.DependsuponMethods#login</h3><table class="result"></table><p class="totop"><a href="#summary">back to summary</a></p><h3 id="m9">com.TestNG.DependsuponMethods#logout</h3><table class="result"></table><p class="totop"><a href="#summary">back to summary</a></p><h3 id="m10">com.TestNG.ParallelExecution#testcase1</h3><table class="result"></table><p class="totop"><a href="#summary">back to summary</a></p><h3 id="m11">com.TestNG.ParallelExecution#testcase2</h3><table class="result"></table><p class="totop"><a href="#summary">back to summary</a></p><h3 id="m12">com.TestNG.ParallelExecution#testcase3</h3><table class="result"></table><p class="totop"><a href="#summary">back to summary</a></p><h3 id="m13">com.TestNG.ParallelExecution1#testcase4</h3><table class="result"></table><p class="totop"><a href="#summary">back to summary</a></p><h3 id="m14">com.TestNG.ParallelExecution1#testcase5</h3><table class="result"></table><p class="totop"><a href="#summary">back to summary</a></p><h3 id="m15">com.TestNG.ParallelExecution1#testcase6</h3><table class="result"></table><p class="totop"><a href="#summary">back to summary</a></p><h3 id="m16">com.TestNG.TestCase1#TestCast2</h3><table class="result"></table><p class="totop"><a href="#summary">back to summary</a></p><h3 id="m17">com.TestNG.TestCase1#TestCast3</h3><table class="result"></table><p class="totop"><a href="#summary">back to summary</a></p><h3 id="m18">com.TestNG.TestCase1#TestCast4</h3><table class="result"></table><p class="totop"><a href="#summary">back to summary</a></p><h3 id="m19">com.TestNG.prioritytestcase#testcase1</h3><table class="result"></table><p class="totop"><a href="#summary">back to summary</a></p><h3 id="m20">com.TestNG.prioritytestcase#testcase2</h3><table class="result"></table><p class="totop"><a href="#summary">back to summary</a></p><h3 id="m21">com.TestNG.prioritytestcase#testcase3</h3><table class="result"></table><p class="totop"><a href="#summary">back to summary</a></p><h3 id="m22">com.TestNG.testngexample#Login</h3><table class="result"></table><p class="totop"><a href="#summary">back to summary</a></p><h3 id="m23">com.testcase.Framehandling#login</h3><table class="result"></table><p class="totop"><a href="#summary">back to summary</a></p><h3 id="m24">com.testcase.Keyboardhandling#login</h3><table class="result"></table><p class="totop"><a href="#summary">back to summary</a></p><h3 id="m25">com.testcase.ScrollDown#login</h3><table class="result"></table><p class="totop"><a href="#summary">back to summary</a></p><h3 id="m26">com.testcase.mousehandling#login</h3><table class="result"></table><p class="totop"><a href="#summary">back to summary</a></p></body></html>