<?xml version="1.0" encoding="UTF-8"?>
<!-- Generated by org.testng.reporters.JUnitXMLReporter -->
<testsuite hostname="DESKTOP-5EQ2V4T" name="Default test" tests="27" failures="3" timestamp="9 Jun 2020 16:24:34 GMT" time="72.192" errors="0">
  <testcase name="login" time="7.46" classname="com.testcase.mousehandling"/>
  <testcase name="testcase4" time="0.002" classname="com.TestNG.ParallelExecution1"/>
  <testcase name="testcase5" time="0.002" classname="com.TestNG.ParallelExecution1"/>
  <testcase name="testcase6" time="0.001" classname="com.TestNG.ParallelExecution1"/>
  <testcase name="login" time="6.133" classname="com.testcase.Framehandling"/>
  <testcase name="login" time="0.005" classname="com.TestNG.DependsOnGroups"/>
  <testcase name="logout" time="0.001" classname="com.TestNG.DependsOnGroups"/>
  <testcase name="search" time="0.005" classname="com.TestNG.DependsOnGroups"/>
  <testcase name="Login" time="1.685" classname="com.TestNG.testngexample"/>
  <testcase name="login" time="13.273" classname="com.testcase.AlertHandling">
    <failure type="org.openqa.selenium.SessionNotCreatedException" message="session not created
from chrome not reachable
  (Session info: chrome=83.0.4103.61)
Build info: version: &amp;apos;unknown&amp;apos;, revision: &amp;apos;unknown&amp;apos;, time: &amp;apos;unknown&amp;apos;
System info: host: &amp;apos;DESKTOP-5EQ2V4T&amp;apos;, ip: &amp;apos;192.168.86.36&amp;apos;, os.name: &amp;apos;Windows 10&amp;apos;, os.arch: &amp;apos;amd64&amp;apos;, os.version: &amp;apos;10.0&amp;apos;, java.version: &amp;apos;1.8.0_251&amp;apos;
Driver info: driver.version: ChromeDriver
remote stacktrace: Backtrace:
	Ordinal0 [0x00AA9563+2725219]
	Ordinal0 [0x009A8551+1672529]
	Ordinal0 [0x00890202+524802]
	Ordinal0 [0x008899B2+498098]
	Ordinal0 [0x0088A09B+499867]
	Ordinal0 [0x0088AFF5+503797]
	Ordinal0 [0x00886994+485780]
	Ordinal0 [0x00890FF0+528368]
	Ordinal0 [0x0083D6C9+186057]
	Ordinal0 [0x0083CA3D+182845]
	Ordinal0 [0x0083A94B+174411]
	Ordinal0 [0x00822528+75048]
	Ordinal0 [0x008235A0+79264]
	Ordinal0 [0x00823539+79161]
	Ordinal0 [0x009BD607+1758727]
	GetHandleVerifier [0x00BC6546+1050150]
	GetHandleVerifier [0x00BC6291+1049457]
	GetHandleVerifier [0x00BD10D7+1094071]
	GetHandleVerifier [0x00BC6B46+1051686]
	Ordinal0 [0x009B5B06+1727238]
	Ordinal0 [0x009BEB7B+1764219]
	Ordinal0 [0x009BECE3+1764579]
	Ordinal0 [0x009D4C05+1854469]
	BaseThreadInitThunk [0x760C6359+25]
	RtlGetAppContainerNamedObjectPath [0x775C7C24+228]
	RtlGetAppContainerNamedObjectPath [0x775C7BF4+180]
">
      <![CDATA[org.openqa.selenium.SessionNotCreatedException: session not created
from chrome not reachable
  (Session info: chrome=83.0.4103.61)
Build info: version: 'unknown', revision: 'unknown', time: 'unknown'
System info: host: 'DESKTOP-5EQ2V4T', ip: '192.168.86.36', os.name: 'Windows 10', os.arch: 'amd64', os.version: '10.0', java.version: '1.8.0_251'
Driver info: driver.version: ChromeDriver
remote stacktrace: Backtrace:
	Ordinal0 [0x00AA9563+2725219]
	Ordinal0 [0x009A8551+1672529]
	Ordinal0 [0x00890202+524802]
	Ordinal0 [0x008899B2+498098]
	Ordinal0 [0x0088A09B+499867]
	Ordinal0 [0x0088AFF5+503797]
	Ordinal0 [0x00886994+485780]
	Ordinal0 [0x00890FF0+528368]
	Ordinal0 [0x0083D6C9+186057]
	Ordinal0 [0x0083CA3D+182845]
	Ordinal0 [0x0083A94B+174411]
	Ordinal0 [0x00822528+75048]
	Ordinal0 [0x008235A0+79264]
	Ordinal0 [0x00823539+79161]
	Ordinal0 [0x009BD607+1758727]
	GetHandleVerifier [0x00BC6546+1050150]
	GetHandleVerifier [0x00BC6291+1049457]
	GetHandleVerifier [0x00BD10D7+1094071]
	GetHandleVerifier [0x00BC6B46+1051686]
	Ordinal0 [0x009B5B06+1727238]
	Ordinal0 [0x009BEB7B+1764219]
	Ordinal0 [0x009BECE3+1764579]
	Ordinal0 [0x009D4C05+1854469]
	BaseThreadInitThunk [0x760C6359+25]
	RtlGetAppContainerNamedObjectPath [0x775C7C24+228]
	RtlGetAppContainerNamedObjectPath [0x775C7BF4+180]

	at sun.reflect.NativeConstructorAccessorImpl.newInstance0(Native Method)
	at sun.reflect.NativeConstructorAccessorImpl.newInstance(Unknown Source)
	at sun.reflect.DelegatingConstructorAccessorImpl.newInstance(Unknown Source)
	at java.lang.reflect.Constructor.newInstance(Unknown Source)
	at org.openqa.selenium.remote.W3CHandshakeResponse.lambda$errorHandler$0(W3CHandshakeResponse.java:62)
	at org.openqa.selenium.remote.HandshakeResponse.lambda$getResponseFunction$0(HandshakeResponse.java:30)
	at org.openqa.selenium.remote.ProtocolHandshake.lambda$createSession$0(ProtocolHandshake.java:126)
	at java.util.stream.ReferencePipeline$3$1.accept(Unknown Source)
	at java.util.Spliterators$ArraySpliterator.tryAdvance(Unknown Source)
	at java.util.stream.ReferencePipeline.forEachWithCancel(Unknown Source)
	at java.util.stream.AbstractPipeline.copyIntoWithCancel(Unknown Source)
	at java.util.stream.AbstractPipeline.copyInto(Unknown Source)
	at java.util.stream.AbstractPipeline.wrapAndCopyInto(Unknown Source)
	at java.util.stream.FindOps$FindOp.evaluateSequential(Unknown Source)
	at java.util.stream.AbstractPipeline.evaluate(Unknown Source)
	at java.util.stream.ReferencePipeline.findFirst(Unknown Source)
	at org.openqa.selenium.remote.ProtocolHandshake.createSession(ProtocolHandshake.java:128)
	at org.openqa.selenium.remote.ProtocolHandshake.createSession(ProtocolHandshake.java:74)
	at org.openqa.selenium.remote.HttpCommandExecutor.execute(HttpCommandExecutor.java:136)
	at org.openqa.selenium.remote.service.DriverCommandExecutor.execute(DriverCommandExecutor.java:83)
	at org.openqa.selenium.remote.RemoteWebDriver.execute(RemoteWebDriver.java:552)
	at org.openqa.selenium.remote.RemoteWebDriver.startSession(RemoteWebDriver.java:213)
	at org.openqa.selenium.remote.RemoteWebDriver.<init>(RemoteWebDriver.java:131)
	at org.openqa.selenium.chrome.ChromeDriver.<init>(ChromeDriver.java:181)
	at org.openqa.selenium.chrome.ChromeDriver.<init>(ChromeDriver.java:168)
	at org.openqa.selenium.chrome.ChromeDriver.<init>(ChromeDriver.java:123)
	at com.testcase.AlertHandling.login(AlertHandling.java:15)
	at sun.reflect.NativeMethodAccessorImpl.invoke0(Native Method)
	at sun.reflect.NativeMethodAccessorImpl.invoke(Unknown Source)
	at sun.reflect.DelegatingMethodAccessorImpl.invoke(Unknown Source)
	at java.lang.reflect.Method.invoke(Unknown Source)
	at org.testng.internal.MethodInvocationHelper.invokeMethod(MethodInvocationHelper.java:86)
	at org.testng.internal.Invoker.invokeMethod(Invoker.java:646)
	at org.testng.internal.Invoker.invokeTestMethod(Invoker.java:823)
	at org.testng.internal.Invoker.invokeTestMethods(Invoker.java:1131)
	at org.testng.internal.TestMethodWorker.invokeTestMethods(TestMethodWorker.java:129)
	at org.testng.internal.TestMethodWorker.run(TestMethodWorker.java:112)
	at org.testng.TestRunner.privateRun(TestRunner.java:778)
	at org.testng.TestRunner.run(TestRunner.java:632)
	at org.testng.SuiteRunner.runTest(SuiteRunner.java:366)
	at org.testng.SuiteRunner.runSequentially(SuiteRunner.java:361)
	at org.testng.SuiteRunner.privateRun(SuiteRunner.java:319)
	at org.testng.SuiteRunner.run(SuiteRunner.java:268)
	at org.testng.SuiteRunnerWorker.runSuite(SuiteRunnerWorker.java:52)
	at org.testng.SuiteRunnerWorker.run(SuiteRunnerWorker.java:86)
	at org.testng.TestNG.runSuitesSequentially(TestNG.java:1225)
	at org.testng.TestNG.runSuitesLocally(TestNG.java:1150)
	at org.testng.TestNG.runSuites(TestNG.java:1075)
	at org.testng.TestNG.run(TestNG.java:1047)
	at org.testng.remote.AbstractRemoteTestNG.run(AbstractRemoteTestNG.java:126)
	at org.testng.remote.RemoteTestNG.initAndRun(RemoteTestNG.java:137)
	at org.testng.remote.RemoteTestNG.main(RemoteTestNG.java:58)
]]>
    </failure>
  </testcase> <!-- login -->
  <testcase name="testcase1" time="0.001" classname="com.TestNG.ParallelExecution"/>
  <testcase name="testcase2" time="0.001" classname="com.TestNG.ParallelExecution"/>
  <testcase name="testcase3" time="0.002" classname="com.TestNG.ParallelExecution"/>
  <testcase name="login" time="6.518" classname="com.testcase.Keyboardhandling"/>
  <testcase name="login" time="10.465" classname="com.testcase.ScrollDown"/>
  <testcase name="TestCast2" time="0.002" classname="com.TestNG.TestCase1"/>
  <testcase name="TestCast3" time="0.001" classname="com.TestNG.TestCase1"/>
  <testcase name="TestCast4" time="0.001" classname="com.TestNG.TestCase1"/>
  <testcase name="testcase3" time="0.002" classname="com.TestNG.prioritytestcase"/>
  <testcase name="login" time="2.455" classname="com.TestNG.CallwrapperTestNG"/>
  <testcase name="testcase1" time="0.001" classname="com.TestNG.prioritytestcase"/>
  <testcase name="admin" time="6.491" classname="com.TestNG.CallwrapperTestNG"/>
  <testcase name="testcase2" time="0.002" classname="com.TestNG.prioritytestcase"/>
  <testcase name="login" time="4.615" classname="com.testcase.DatePicker">
    <failure type="org.openqa.selenium.NoSuchWindowException" message="no such window: target window already closed
from unknown error: web view not found
  (Session info: chrome=83.0.4103.61)
Build info: version: &amp;apos;unknown&amp;apos;, revision: &amp;apos;unknown&amp;apos;, time: &amp;apos;unknown&amp;apos;
System info: host: &amp;apos;DESKTOP-5EQ2V4T&amp;apos;, ip: &amp;apos;192.168.86.36&amp;apos;, os.name: &amp;apos;Windows 10&amp;apos;, os.arch: &amp;apos;amd64&amp;apos;, os.version: &amp;apos;10.0&amp;apos;, java.version: &amp;apos;1.8.0_251&amp;apos;
Driver info: org.openqa.selenium.chrome.ChromeDriver
Capabilities {acceptInsecureCerts: false, browserName: chrome, browserVersion: 83.0.4103.61, chrome: {chromedriverVersion: 83.0.4103.39 (ccbf011cb2d2b..., userDataDir: C:\Users\rwalt\AppData\Loca...}, goog:chromeOptions: {debuggerAddress: localhost:51549}, javascriptEnabled: true, networkConnectionEnabled: false, pageLoadStrategy: normal, platform: WINDOWS, platformName: WINDOWS, proxy: Proxy(), setWindowRect: true, strictFileInteractability: false, timeouts: {implicit: 0, pageLoad: 300000, script: 30000}, unhandledPromptBehavior: dismiss and notify, webauthn:virtualAuthenticators: true}
Session ID: dd36c25c300b29bfc89310f4b0cd949a
*** Element info: {Using=xpath, value=//*[@id=&amp;quot;search&amp;quot;]/div/div[3]/div/label}">
      <![CDATA[org.openqa.selenium.NoSuchWindowException: no such window: target window already closed
from unknown error: web view not found
  (Session info: chrome=83.0.4103.61)
Build info: version: 'unknown', revision: 'unknown', time: 'unknown'
System info: host: 'DESKTOP-5EQ2V4T', ip: '192.168.86.36', os.name: 'Windows 10', os.arch: 'amd64', os.version: '10.0', java.version: '1.8.0_251'
Driver info: org.openqa.selenium.chrome.ChromeDriver
Capabilities {acceptInsecureCerts: false, browserName: chrome, browserVersion: 83.0.4103.61, chrome: {chromedriverVersion: 83.0.4103.39 (ccbf011cb2d2b..., userDataDir: C:\Users\rwalt\AppData\Loca...}, goog:chromeOptions: {debuggerAddress: localhost:51549}, javascriptEnabled: true, networkConnectionEnabled: false, pageLoadStrategy: normal, platform: WINDOWS, platformName: WINDOWS, proxy: Proxy(), setWindowRect: true, strictFileInteractability: false, timeouts: {implicit: 0, pageLoad: 300000, script: 30000}, unhandledPromptBehavior: dismiss and notify, webauthn:virtualAuthenticators: true}
Session ID: dd36c25c300b29bfc89310f4b0cd949a
*** Element info: {Using=xpath, value=//*[@id="search"]/div/div[3]/div/label}
	at sun.reflect.NativeConstructorAccessorImpl.newInstance0(Native Method)
	at sun.reflect.NativeConstructorAccessorImpl.newInstance(Unknown Source)
	at sun.reflect.DelegatingConstructorAccessorImpl.newInstance(Unknown Source)
	at java.lang.reflect.Constructor.newInstance(Unknown Source)
	at org.openqa.selenium.remote.http.W3CHttpResponseCodec.createException(W3CHttpResponseCodec.java:187)
	at org.openqa.selenium.remote.http.W3CHttpResponseCodec.decode(W3CHttpResponseCodec.java:122)
	at org.openqa.selenium.remote.http.W3CHttpResponseCodec.decode(W3CHttpResponseCodec.java:49)
	at org.openqa.selenium.remote.HttpCommandExecutor.execute(HttpCommandExecutor.java:158)
	at org.openqa.selenium.remote.service.DriverCommandExecutor.execute(DriverCommandExecutor.java:83)
	at org.openqa.selenium.remote.RemoteWebDriver.execute(RemoteWebDriver.java:552)
	at org.openqa.selenium.remote.RemoteWebDriver.findElement(RemoteWebDriver.java:323)
	at org.openqa.selenium.remote.RemoteWebDriver.findElementByXPath(RemoteWebDriver.java:428)
	at org.openqa.selenium.By$ByXPath.findElement(By.java:353)
	at org.openqa.selenium.remote.RemoteWebDriver.findElement(RemoteWebDriver.java:315)
	at com.testcase.DatePicker.login(DatePicker.java:17)
	at sun.reflect.NativeMethodAccessorImpl.invoke0(Native Method)
	at sun.reflect.NativeMethodAccessorImpl.invoke(Unknown Source)
	at sun.reflect.DelegatingMethodAccessorImpl.invoke(Unknown Source)
	at java.lang.reflect.Method.invoke(Unknown Source)
	at org.testng.internal.MethodInvocationHelper.invokeMethod(MethodInvocationHelper.java:86)
	at org.testng.internal.Invoker.invokeMethod(Invoker.java:646)
	at org.testng.internal.Invoker.invokeTestMethod(Invoker.java:823)
	at org.testng.internal.Invoker.invokeTestMethods(Invoker.java:1131)
	at org.testng.internal.TestMethodWorker.invokeTestMethods(TestMethodWorker.java:129)
	at org.testng.internal.TestMethodWorker.run(TestMethodWorker.java:112)
	at org.testng.TestRunner.privateRun(TestRunner.java:778)
	at org.testng.TestRunner.run(TestRunner.java:632)
	at org.testng.SuiteRunner.runTest(SuiteRunner.java:366)
	at org.testng.SuiteRunner.runSequentially(SuiteRunner.java:361)
	at org.testng.SuiteRunner.privateRun(SuiteRunner.java:319)
	at org.testng.SuiteRunner.run(SuiteRunner.java:268)
	at org.testng.SuiteRunnerWorker.runSuite(SuiteRunnerWorker.java:52)
	at org.testng.SuiteRunnerWorker.run(SuiteRunnerWorker.java:86)
	at org.testng.TestNG.runSuitesSequentially(TestNG.java:1225)
	at org.testng.TestNG.runSuitesLocally(TestNG.java:1150)
	at org.testng.TestNG.runSuites(TestNG.java:1075)
	at org.testng.TestNG.run(TestNG.java:1047)
	at org.testng.remote.AbstractRemoteTestNG.run(AbstractRemoteTestNG.java:126)
	at org.testng.remote.RemoteTestNG.initAndRun(RemoteTestNG.java:137)
	at org.testng.remote.RemoteTestNG.main(RemoteTestNG.java:58)
]]>
    </failure>
  </testcase> <!-- login -->
  <testcase name="login" time="0.002" classname="com.TestNG.DependsuponMethods"/>
  <testcase name="search" time="0.005" classname="com.TestNG.DependsuponMethods">
    <failure type="java.lang.AssertionError" message="expected [abc] but found [xyz]">
      <![CDATA[java.lang.AssertionError: expected [abc] but found [xyz]
	at org.testng.Assert.fail(Assert.java:94)
	at org.testng.Assert.failNotEquals(Assert.java:513)
	at org.testng.Assert.assertEqualsImpl(Assert.java:135)
	at org.testng.Assert.assertEquals(Assert.java:116)
	at org.testng.Assert.assertEquals(Assert.java:190)
	at org.testng.Assert.assertEquals(Assert.java:200)
	at com.TestNG.DependsuponMethods.search(DependsuponMethods.java:16)
	at sun.reflect.NativeMethodAccessorImpl.invoke0(Native Method)
	at sun.reflect.NativeMethodAccessorImpl.invoke(Unknown Source)
	at sun.reflect.DelegatingMethodAccessorImpl.invoke(Unknown Source)
	at java.lang.reflect.Method.invoke(Unknown Source)
	at org.testng.internal.MethodInvocationHelper.invokeMethod(MethodInvocationHelper.java:86)
	at org.testng.internal.Invoker.invokeMethod(Invoker.java:646)
	at org.testng.internal.Invoker.invokeTestMethod(Invoker.java:823)
	at org.testng.internal.Invoker.invokeTestMethods(Invoker.java:1131)
	at org.testng.internal.TestMethodWorker.invokeTestMethods(TestMethodWorker.java:129)
	at org.testng.internal.TestMethodWorker.run(TestMethodWorker.java:112)
	at org.testng.TestRunner.privateRun(TestRunner.java:778)
	at org.testng.TestRunner.run(TestRunner.java:632)
	at org.testng.SuiteRunner.runTest(SuiteRunner.java:366)
	at org.testng.SuiteRunner.runSequentially(SuiteRunner.java:361)
	at org.testng.SuiteRunner.privateRun(SuiteRunner.java:319)
	at org.testng.SuiteRunner.run(SuiteRunner.java:268)
	at org.testng.SuiteRunnerWorker.runSuite(SuiteRunnerWorker.java:52)
	at org.testng.SuiteRunnerWorker.run(SuiteRunnerWorker.java:86)
	at org.testng.TestNG.runSuitesSequentially(TestNG.java:1225)
	at org.testng.TestNG.runSuitesLocally(TestNG.java:1150)
	at org.testng.TestNG.runSuites(TestNG.java:1075)
	at org.testng.TestNG.run(TestNG.java:1047)
	at org.testng.remote.AbstractRemoteTestNG.run(AbstractRemoteTestNG.java:126)
	at org.testng.remote.RemoteTestNG.initAndRun(RemoteTestNG.java:137)
	at org.testng.remote.RemoteTestNG.main(RemoteTestNG.java:58)
]]>
    </failure>
  </testcase> <!-- search -->
  <testcase name="logout" time="0.002" classname="com.TestNG.DependsuponMethods"/>
</testsuite> <!-- Default test -->
