<html>
<head>
<title>TestNG:  Test</title>
<link href="../testng.css" rel="stylesheet" type="text/css" />
<link href="../my-testng.css" rel="stylesheet" type="text/css" />

<style type="text/css">
.log { display: none;} 
.stack-trace { display: none;} 
</style>
<script type="text/javascript">
<!--
function flip(e) {
  current = e.style.display;
  if (current == 'block') {
    e.style.display = 'none';
    return 0;
  }
  else {
    e.style.display = 'block';
    return 1;
  }
}

function toggleBox(szDivId, elem, msg1, msg2)
{
  var res = -1;  if (document.getElementById) {
    res = flip(document.getElementById(szDivId));
  }
  else if (document.all) {
    // this is the way old msie versions work
    res = flip(document.all[szDivId]);
  }
  if(elem) {
    if(res == 0) elem.innerHTML = msg1; else elem.innerHTML = msg2;
  }

}

function toggleAllBoxes() {
  if (document.getElementsByTagName) {
    d = document.getElementsByTagName('div');
    for (i = 0; i < d.length; i++) {
      if (d[i].className == 'log') {
        flip(d[i]);
      }
    }
  }
}

// -->
</script>

</head>
<body>
<h2 align='center'>Test</h2><table border='1' align="center">
<tr>
<td>Tests passed/Failed/Skipped:</td><td>0/0/21</td>
</tr><tr>
<td>Started on:</td><td>Mon Jun 08 18:12:06 EDT 2020</td>
</tr>
<tr><td>Total time:</td><td>16 seconds (16569 ms)</td>
</tr><tr>
<td>Included groups:</td><td></td>
</tr><tr>
<td>Excluded groups:</td><td></td>
</tr>
</table><p/>
<small><i>(Hover the method name to see the test class name)</i></small><p/>
<table width='100%' border='1' class='invocation-failed'>
<tr><td colspan='4' align='center'><b>FAILED CONFIGURATIONS</b></td></tr>
<tr><td><b>Test method</b></td>
<td width="30%"><b>Exception</b></td>
<td width="10%"><b>Time (seconds)</b></td>
<td><b>Instance</b></td>
</tr>
<tr>
<td title='com.TestNG.CallwrapperTestNG.insertapp()'><b>insertapp</b><br>Test class: com.TestNG.CallwrapperTestNG</td>
<td><div><pre>org.openqa.selenium.SessionNotCreatedException: session not created
from chrome not reachable
  (Session info: chrome=83.0.4103.61)
Build info: version: &apos;unknown&apos;, revision: &apos;unknown&apos;, time: &apos;unknown&apos;
System info: host: &apos;DESKTOP-5EQ2V4T&apos;, ip: &apos;192.168.86.36&apos;, os.name: &apos;Windows 10&apos;, os.arch: &apos;amd64&apos;, os.version: &apos;10.0&apos;, java.version: &apos;1.8.0_251&apos;
Driver info: driver.version: ChromeDriver
remote stacktrace: Backtrace:
	Ordinal0 [0x00AA9563+2725219]
	Ordinal0 [0x009A8551+1672529]
	Ordinal0 [0x00890202+524802]
	Ordinal0 [0x008899B2+498098]
	Ordinal0 [0x0088A09B+499867]
	Ordinal0 [0x0088AFF5+503797]
	Ordinal0 [0x00886994+485780]
	Ordinal0 [0x00890FF0+528368]
	Ordinal0 [0x0083D6C9+186057]
	Ordinal0 [0x0083CA3D+182845]
	Ordinal0 [0x0083A94B+174411]
	Ordinal0 [0x00822528+75048]
	Ordinal0 [0x008235A0+79264]
	Ordinal0 [0x00823539+79161]
	Ordinal0 [0x009BD607+1758727]
	GetHandleVerifier [0x00BC6546+1050150]
	GetHandleVerifier [0x00BC6291+1049457]
	GetHandleVerifier [0x00BD10D7+1094071]
	GetHandleVerifier [0x00BC6B46+1051686]
	Ordinal0 [0x009B5B06+1727238]
	Ordinal0 [0x009BEB7B+1764219]
	Ordinal0 [0x009BECE3+1764579]
	Ordinal0 [0x009D4C05+1854469]
	BaseThreadInitThunk [0x760C6359+25]
	RtlGetAppContainerNamedObjectPath [0x775C7C24+228]
	RtlGetAppContainerNamedObjectPath [0x775C7BF4+180]

	at org.openqa.selenium.remote.W3CHandshakeResponse.lambda$errorHandler$0(W3CHandshakeResponse.java:62)
	at org.openqa.selenium.remote.HandshakeResponse.lambda$getResponseFunction$0(HandshakeResponse.java:30)
	at org.openqa.selenium.remote.ProtocolHandshake.lambda$createSession$0(ProtocolHandshake.java:126)
	at java.util.stream.ReferencePipeline$3$1.accept(Unknown Source)
	at java.util.Spliterators$ArraySpliterator.tryAdvance(Unknown Source)
	at java.util.stream.ReferencePipeline.forEachWithCancel(Unknown Source)
	at java.util.stream.AbstractPipeline.copyIntoWithCancel(Unknown Source)
	at java.util.stream.AbstractPipeline.copyInto(Unknown Source)
	at java.util.stream.AbstractPipeline.wrapAndCopyInto(Unknown Source)
	at java.util.stream.FindOps$FindOp.evaluateSequential(Unknown Source)
	at java.util.stream.AbstractPipeline.evaluate(Unknown Source)
	at java.util.stream.ReferencePipeline.findFirst(Unknown Source)
	at org.openqa.selenium.remote.ProtocolHandshake.createSession(ProtocolHandshake.java:128)
	at org.openqa.selenium.remote.ProtocolHandshake.createSession(ProtocolHandshake.java:74)
	at org.openqa.selenium.remote.HttpCommandExecutor.execute(HttpCommandExecutor.java:136)
	at org.openqa.selenium.remote.service.DriverCommandExecutor.execute(DriverCommandExecutor.java:83)
	at org.openqa.selenium.remote.RemoteWebDriver.execute(RemoteWebDriver.java:552)
	at org.openqa.selenium.remote.RemoteWebDriver.startSession(RemoteWebDriver.java:213)
	at org.openqa.selenium.remote.RemoteWebDriver.&lt;init&gt;(RemoteWebDriver.java:131)
	at org.openqa.selenium.chrome.ChromeDriver.&lt;init&gt;(ChromeDriver.java:181)
	at org.openqa.selenium.chrome.ChromeDriver.&lt;init&gt;(ChromeDriver.java:168)
	at org.openqa.selenium.chrome.ChromeDriver.&lt;init&gt;(ChromeDriver.java:123)
	at com.testcase.WrapperMethod.insertapp(WrapperMethod.java:21)
	at com.TestNG.CallwrapperTestNG.insertapp(CallwrapperTestNG.java:17)
... Removed 27 stack frames</pre></div><a href='#' onClick='toggleBox("stack-trace851765426", this, "Click to show all stack frames", "Click to hide stack frames")'>Click to show all stack frames</a>
<div class='stack-trace' id='stack-trace851765426'><pre>org.openqa.selenium.SessionNotCreatedException: session not created
from chrome not reachable
  (Session info: chrome=83.0.4103.61)
Build info: version: &apos;unknown&apos;, revision: &apos;unknown&apos;, time: &apos;unknown&apos;
System info: host: &apos;DESKTOP-5EQ2V4T&apos;, ip: &apos;192.168.86.36&apos;, os.name: &apos;Windows 10&apos;, os.arch: &apos;amd64&apos;, os.version: &apos;10.0&apos;, java.version: &apos;1.8.0_251&apos;
Driver info: driver.version: ChromeDriver
remote stacktrace: Backtrace:
	Ordinal0 [0x00AA9563+2725219]
	Ordinal0 [0x009A8551+1672529]
	Ordinal0 [0x00890202+524802]
	Ordinal0 [0x008899B2+498098]
	Ordinal0 [0x0088A09B+499867]
	Ordinal0 [0x0088AFF5+503797]
	Ordinal0 [0x00886994+485780]
	Ordinal0 [0x00890FF0+528368]
	Ordinal0 [0x0083D6C9+186057]
	Ordinal0 [0x0083CA3D+182845]
	Ordinal0 [0x0083A94B+174411]
	Ordinal0 [0x00822528+75048]
	Ordinal0 [0x008235A0+79264]
	Ordinal0 [0x00823539+79161]
	Ordinal0 [0x009BD607+1758727]
	GetHandleVerifier [0x00BC6546+1050150]
	GetHandleVerifier [0x00BC6291+1049457]
	GetHandleVerifier [0x00BD10D7+1094071]
	GetHandleVerifier [0x00BC6B46+1051686]
	Ordinal0 [0x009B5B06+1727238]
	Ordinal0 [0x009BEB7B+1764219]
	Ordinal0 [0x009BECE3+1764579]
	Ordinal0 [0x009D4C05+1854469]
	BaseThreadInitThunk [0x760C6359+25]
	RtlGetAppContainerNamedObjectPath [0x775C7C24+228]
	RtlGetAppContainerNamedObjectPath [0x775C7BF4+180]

	at sun.reflect.NativeConstructorAccessorImpl.newInstance0(Native Method)
	at sun.reflect.NativeConstructorAccessorImpl.newInstance(Unknown Source)
	at sun.reflect.DelegatingConstructorAccessorImpl.newInstance(Unknown Source)
	at java.lang.reflect.Constructor.newInstance(Unknown Source)
	at org.openqa.selenium.remote.W3CHandshakeResponse.lambda$errorHandler$0(W3CHandshakeResponse.java:62)
	at org.openqa.selenium.remote.HandshakeResponse.lambda$getResponseFunction$0(HandshakeResponse.java:30)
	at org.openqa.selenium.remote.ProtocolHandshake.lambda$createSession$0(ProtocolHandshake.java:126)
	at java.util.stream.ReferencePipeline$3$1.accept(Unknown Source)
	at java.util.Spliterators$ArraySpliterator.tryAdvance(Unknown Source)
	at java.util.stream.ReferencePipeline.forEachWithCancel(Unknown Source)
	at java.util.stream.AbstractPipeline.copyIntoWithCancel(Unknown Source)
	at java.util.stream.AbstractPipeline.copyInto(Unknown Source)
	at java.util.stream.AbstractPipeline.wrapAndCopyInto(Unknown Source)
	at java.util.stream.FindOps$FindOp.evaluateSequential(Unknown Source)
	at java.util.stream.AbstractPipeline.evaluate(Unknown Source)
	at java.util.stream.ReferencePipeline.findFirst(Unknown Source)
	at org.openqa.selenium.remote.ProtocolHandshake.createSession(ProtocolHandshake.java:128)
	at org.openqa.selenium.remote.ProtocolHandshake.createSession(ProtocolHandshake.java:74)
	at org.openqa.selenium.remote.HttpCommandExecutor.execute(HttpCommandExecutor.java:136)
	at org.openqa.selenium.remote.service.DriverCommandExecutor.execute(DriverCommandExecutor.java:83)
	at org.openqa.selenium.remote.RemoteWebDriver.execute(RemoteWebDriver.java:552)
	at org.openqa.selenium.remote.RemoteWebDriver.startSession(RemoteWebDriver.java:213)
	at org.openqa.selenium.remote.RemoteWebDriver.&lt;init&gt;(RemoteWebDriver.java:131)
	at org.openqa.selenium.chrome.ChromeDriver.&lt;init&gt;(ChromeDriver.java:181)
	at org.openqa.selenium.chrome.ChromeDriver.&lt;init&gt;(ChromeDriver.java:168)
	at org.openqa.selenium.chrome.ChromeDriver.&lt;init&gt;(ChromeDriver.java:123)
	at com.testcase.WrapperMethod.insertapp(WrapperMethod.java:21)
	at com.TestNG.CallwrapperTestNG.insertapp(CallwrapperTestNG.java:17)
	at sun.reflect.NativeMethodAccessorImpl.invoke0(Native Method)
	at sun.reflect.NativeMethodAccessorImpl.invoke(Unknown Source)
	at sun.reflect.DelegatingMethodAccessorImpl.invoke(Unknown Source)
	at java.lang.reflect.Method.invoke(Unknown Source)
	at org.testng.internal.MethodInvocationHelper.invokeMethod(MethodInvocationHelper.java:86)
	at org.testng.internal.Invoker.invokeConfigurationMethod(Invoker.java:515)
	at org.testng.internal.Invoker.invokeConfigurations(Invoker.java:216)
	at org.testng.internal.Invoker.invokeConfigurations(Invoker.java:143)
	at org.testng.TestRunner.beforeRun(TestRunner.java:656)
	at org.testng.TestRunner.run(TestRunner.java:624)
	at org.testng.SuiteRunner.runTest(SuiteRunner.java:366)
	at org.testng.SuiteRunner.runSequentially(SuiteRunner.java:361)
	at org.testng.SuiteRunner.privateRun(SuiteRunner.java:319)
	at org.testng.SuiteRunner.run(SuiteRunner.java:268)
	at org.testng.SuiteRunnerWorker.runSuite(SuiteRunnerWorker.java:52)
	at org.testng.SuiteRunnerWorker.run(SuiteRunnerWorker.java:86)
	at org.testng.TestNG.runSuitesSequentially(TestNG.java:1225)
	at org.testng.TestNG.runSuitesLocally(TestNG.java:1150)
	at org.testng.TestNG.runSuites(TestNG.java:1075)
	at org.testng.TestNG.run(TestNG.java:1047)
	at org.testng.remote.AbstractRemoteTestNG.run(AbstractRemoteTestNG.java:126)
	at org.testng.remote.RemoteTestNG.initAndRun(RemoteTestNG.java:137)
	at org.testng.remote.RemoteTestNG.main(RemoteTestNG.java:58)
</pre></div></td>
<td>0</td>
<td>null</td></tr>
</table><p>
<table width='100%' border='1' class='invocation-skipped'>
<tr><td colspan='4' align='center'><b>SKIPPED CONFIGURATIONS</b></td></tr>
<tr><td><b>Test method</b></td>
<td width="30%"><b>Exception</b></td>
<td width="10%"><b>Time (seconds)</b></td>
<td><b>Instance</b></td>
</tr>
<tr>
<td title='com.TestNG.CallwrapperTestNG.beforeTest()'><b>beforeTest</b><br>Test class: com.TestNG.CallwrapperTestNG</td>
<td></td>
<td>0</td>
<td>null</td></tr>
<tr>
<td title='com.TestNG.testngexample.Setup()'><b>Setup</b><br>Test class: com.TestNG.testngexample</td>
<td></td>
<td>0</td>
<td>com.TestNG.testngexample@52a86356</td></tr>
<tr>
<td title='com.TestNG.TestCase1.beforeClass()'><b>beforeClass</b><br>Test class: com.TestNG.TestCase1</td>
<td></td>
<td>0</td>
<td>com.TestNG.TestCase1@544fe44c</td></tr>
<tr>
<td title='com.TestNG.testngexample.Openurl()'><b>Openurl</b><br>Test class: com.TestNG.testngexample</td>
<td></td>
<td>0</td>
<td>com.TestNG.testngexample@52a86356</td></tr>
<tr>
<td title='com.TestNG.TestCase1.beforeMethod()'><b>beforeMethod</b><br>Test class: com.TestNG.TestCase1</td>
<td></td>
<td>0</td>
<td>com.TestNG.TestCase1@544fe44c</td></tr>
<tr>
<td title='com.TestNG.TestCase1.beforeMethod()'><b>beforeMethod</b><br>Test class: com.TestNG.TestCase1</td>
<td></td>
<td>0</td>
<td>com.TestNG.TestCase1@544fe44c</td></tr>
<tr>
<td title='com.TestNG.TestCase1.beforeMethod()'><b>beforeMethod</b><br>Test class: com.TestNG.TestCase1</td>
<td></td>
<td>0</td>
<td>com.TestNG.TestCase1@544fe44c</td></tr>
<tr>
<td title='com.TestNG.TestCase1.afterMethod()'><b>afterMethod</b><br>Test class: com.TestNG.TestCase1</td>
<td></td>
<td>0</td>
<td>com.TestNG.TestCase1@544fe44c</td></tr>
<tr>
<td title='com.TestNG.TestCase1.afterMethod()'><b>afterMethod</b><br>Test class: com.TestNG.TestCase1</td>
<td></td>
<td>0</td>
<td>com.TestNG.TestCase1@544fe44c</td></tr>
<tr>
<td title='com.TestNG.TestCase1.afterMethod()'><b>afterMethod</b><br>Test class: com.TestNG.TestCase1</td>
<td></td>
<td>0</td>
<td>com.TestNG.TestCase1@544fe44c</td></tr>
<tr>
<td title='com.TestNG.testngexample.quit()'><b>quit</b><br>Test class: com.TestNG.testngexample</td>
<td></td>
<td>0</td>
<td>com.TestNG.testngexample@52a86356</td></tr>
<tr>
<td title='com.TestNG.TestCase1.afterClass()'><b>afterClass</b><br>Test class: com.TestNG.TestCase1</td>
<td></td>
<td>0</td>
<td>com.TestNG.TestCase1@544fe44c</td></tr>
<tr>
<td title='com.TestNG.CallwrapperTestNG.quit()'><b>quit</b><br>Test class: com.TestNG.CallwrapperTestNG</td>
<td></td>
<td>0</td>
<td>null</td></tr>
<tr>
<td title='com.TestNG.CallwrapperTestNG.afterTest()'><b>afterTest</b><br>Test class: com.TestNG.CallwrapperTestNG</td>
<td></td>
<td>0</td>
<td>null</td></tr>
</table><p>
<table width='100%' border='1' class='invocation-skipped'>
<tr><td colspan='4' align='center'><b>SKIPPED TESTS</b></td></tr>
<tr><td><b>Test method</b></td>
<td width="30%"><b>Exception</b></td>
<td width="10%"><b>Time (seconds)</b></td>
<td><b>Instance</b></td>
</tr>
<tr>
<td title='com.TestNG.testngexample.Login()'><b>Login</b><br>Test class: com.TestNG.testngexample</td>
<td></td>
<td>0</td>
<td>com.TestNG.testngexample@52a86356</td></tr>
<tr>
<td title='com.TestNG.TestCase1.TestCast2()'><b>TestCast2</b><br>Test class: com.TestNG.TestCase1</td>
<td></td>
<td>0</td>
<td>com.TestNG.TestCase1@544fe44c</td></tr>
<tr>
<td title='com.TestNG.TestCase1.TestCast3()'><b>TestCast3</b><br>Test class: com.TestNG.TestCase1</td>
<td></td>
<td>0</td>
<td>com.TestNG.TestCase1@544fe44c</td></tr>
<tr>
<td title='com.TestNG.TestCase1.TestCast4()'><b>TestCast4</b><br>Test class: com.TestNG.TestCase1</td>
<td></td>
<td>0</td>
<td>com.TestNG.TestCase1@544fe44c</td></tr>
<tr>
<td title='com.TestNG.CallwrapperTestNG.admin()'><b>admin</b><br>Test class: com.TestNG.CallwrapperTestNG</td>
<td></td>
<td>0</td>
<td>com.TestNG.CallwrapperTestNG@31610302</td></tr>
<tr>
<td title='com.TestNG.DependsuponMethods.login()'><b>login</b><br>Test class: com.TestNG.DependsuponMethods</td>
<td></td>
<td>0</td>
<td>com.TestNG.DependsuponMethods@a67c67e</td></tr>
<tr>
<td title='com.TestNG.DependsOnGroups.login()'><b>login</b><br>Test class: com.TestNG.DependsOnGroups</td>
<td></td>
<td>0</td>
<td>com.TestNG.DependsOnGroups@66480dd7</td></tr>
<tr>
<td title='com.TestNG.CallwrapperTestNG.login()'><b>login</b><br>Test class: com.TestNG.CallwrapperTestNG</td>
<td></td>
<td>0</td>
<td>com.TestNG.CallwrapperTestNG@31610302</td></tr>
<tr>
<td title='com.TestNG.DependsuponMethods.logout()'><b>logout</b><br>Test class: com.TestNG.DependsuponMethods</td>
<td></td>
<td>0</td>
<td>com.TestNG.DependsuponMethods@a67c67e</td></tr>
<tr>
<td title='com.TestNG.DependsOnGroups.logout()'><b>logout</b><br>Test class: com.TestNG.DependsOnGroups</td>
<td></td>
<td>0</td>
<td>com.TestNG.DependsOnGroups@66480dd7</td></tr>
<tr>
<td title='com.TestNG.DependsuponMethods.search()'><b>search</b><br>Test class: com.TestNG.DependsuponMethods</td>
<td><div><pre>java.lang.Throwable: Method DependsuponMethods.search()[pri:0, instance:com.TestNG.DependsuponMethods@a67c67e] depends on not successfully finished methods
... Removed 18 stack frames</pre></div><a href='#' onClick='toggleBox("stack-trace1388563249", this, "Click to show all stack frames", "Click to hide stack frames")'>Click to show all stack frames</a>
<div class='stack-trace' id='stack-trace1388563249'><pre>java.lang.Throwable: Method DependsuponMethods.search()[pri:0, instance:com.TestNG.DependsuponMethods@a67c67e] depends on not successfully finished methods
	at org.testng.internal.Invoker.invokeTestMethods(Invoker.java:1040)
	at org.testng.internal.TestMethodWorker.invokeTestMethods(TestMethodWorker.java:129)
	at org.testng.internal.TestMethodWorker.run(TestMethodWorker.java:112)
	at org.testng.TestRunner.privateRun(TestRunner.java:778)
	at org.testng.TestRunner.run(TestRunner.java:632)
	at org.testng.SuiteRunner.runTest(SuiteRunner.java:366)
	at org.testng.SuiteRunner.runSequentially(SuiteRunner.java:361)
	at org.testng.SuiteRunner.privateRun(SuiteRunner.java:319)
	at org.testng.SuiteRunner.run(SuiteRunner.java:268)
	at org.testng.SuiteRunnerWorker.runSuite(SuiteRunnerWorker.java:52)
	at org.testng.SuiteRunnerWorker.run(SuiteRunnerWorker.java:86)
	at org.testng.TestNG.runSuitesSequentially(TestNG.java:1225)
	at org.testng.TestNG.runSuitesLocally(TestNG.java:1150)
	at org.testng.TestNG.runSuites(TestNG.java:1075)
	at org.testng.TestNG.run(TestNG.java:1047)
	at org.testng.remote.AbstractRemoteTestNG.run(AbstractRemoteTestNG.java:126)
	at org.testng.remote.RemoteTestNG.initAndRun(RemoteTestNG.java:137)
	at org.testng.remote.RemoteTestNG.main(RemoteTestNG.java:58)
</pre></div></td>
<td>0</td>
<td>null</td></tr>
<tr>
<td title='com.TestNG.DependsOnGroups.search()'><b>search</b><br>Test class: com.TestNG.DependsOnGroups</td>
<td></td>
<td>0</td>
<td>com.TestNG.DependsOnGroups@66480dd7</td></tr>
<tr>
<td title='com.TestNG.prioritytestcase.testcase1()'><b>testcase1</b><br>Test class: com.TestNG.prioritytestcase<br>Test method: Firsttestcase</td>
<td></td>
<td>0</td>
<td>com.TestNG.prioritytestcase@71318ec4</td></tr>
<tr>
<td title='com.TestNG.ParallelExecution.testcase1()'><b>testcase1</b><br>Test class: com.TestNG.ParallelExecution</td>
<td></td>
<td>0</td>
<td>com.TestNG.ParallelExecution@4e1d422d</td></tr>
<tr>
<td title='com.TestNG.prioritytestcase.testcase2()'><b>testcase2</b><br>Test class: com.TestNG.prioritytestcase</td>
<td></td>
<td>0</td>
<td>com.TestNG.prioritytestcase@71318ec4</td></tr>
<tr>
<td title='com.TestNG.ParallelExecution.testcase2()'><b>testcase2</b><br>Test class: com.TestNG.ParallelExecution</td>
<td></td>
<td>0</td>
<td>com.TestNG.ParallelExecution@4e1d422d</td></tr>
<tr>
<td title='com.TestNG.prioritytestcase.testcase3()'><b>testcase3</b><br>Test class: com.TestNG.prioritytestcase</td>
<td></td>
<td>0</td>
<td>com.TestNG.prioritytestcase@71318ec4</td></tr>
<tr>
<td title='com.TestNG.ParallelExecution.testcase3()'><b>testcase3</b><br>Test class: com.TestNG.ParallelExecution</td>
<td></td>
<td>0</td>
<td>com.TestNG.ParallelExecution@4e1d422d</td></tr>
<tr>
<td title='com.TestNG.ParallelExecution1.testcase4()'><b>testcase4</b><br>Test class: com.TestNG.ParallelExecution1</td>
<td></td>
<td>0</td>
<td>com.TestNG.ParallelExecution1@21213b92</td></tr>
<tr>
<td title='com.TestNG.ParallelExecution1.testcase5()'><b>testcase5</b><br>Test class: com.TestNG.ParallelExecution1</td>
<td></td>
<td>0</td>
<td>com.TestNG.ParallelExecution1@21213b92</td></tr>
<tr>
<td title='com.TestNG.ParallelExecution1.testcase6()'><b>testcase6</b><br>Test class: com.TestNG.ParallelExecution1</td>
<td></td>
<td>0</td>
<td>com.TestNG.ParallelExecution1@21213b92</td></tr>
</table><p>
</body>
</html>